TN:
SF:\Documents\Projects\Work\Netgrif\Application-Engine\NAE-frontend\projects\netgrif-components\src\lib\admin\role-assignment\role-assignment.component.ts
FN:13,RoleAssignmentComponent
FNF:1
FNH:1
FNDA:1,RoleAssignmentComponent
DA:12,1
DA:13,1
DA:14,1
DA:16,1
LF:4
LH:4
BRDA:14,0,0,1
BRDA:14,0,1,1
BRF:2
BRH:2
end_of_record
TN:
SF:\Documents\Projects\Work\Netgrif\Application-Engine\NAE-frontend\projects\netgrif-components\src\lib\admin\user-invite\user-invite.component.ts
FN:18,UserInviteComponent
FNF:1
FNH:1
FNDA:1,UserInviteComponent
DA:16,1
DA:18,1
DA:19,1
DA:20,1
DA:21,1
DA:22,1
DA:23,1
DA:25,1
LF:8
LH:8
BRDA:23,0,0,1
BRDA:23,0,1,1
BRF:2
BRH:2
end_of_record
TN:
SF:\Documents\Projects\Work\Netgrif\Application-Engine\NAE-frontend\projects\netgrif-components\src\lib\authentication\auth.module.ts
FNF:0
FNH:0
DA:12,1
DA:13,1
LF:2
LH:2
BRF:0
BRH:0
end_of_record
TN:
SF:\Documents\Projects\Work\Netgrif\Application-Engine\NAE-frontend\projects\netgrif-components\src\lib\authentication\authentication-overlay\authentication-overlay.component.ts
FN:12,AuthenticationOverlayComponent
FNF:1
FNH:1
FNDA:1,AuthenticationOverlayComponent
DA:10,1
DA:12,1
DA:13,1
DA:14,1
DA:16,1
LF:5
LH:5
BRDA:14,0,0,1
BRDA:14,0,1,1
BRF:2
BRH:2
end_of_record
TN:
SF:\Documents\Projects\Work\Netgrif\Application-Engine\NAE-frontend\projects\netgrif-components\src\lib\dashboard\dashboard.module.ts
FNF:0
FNH:0
DA:41,1
DA:42,1
LF:2
LH:2
BRF:0
BRH:0
end_of_record
TN:
SF:\Documents\Projects\Work\Netgrif\Application-Engine\NAE-frontend\projects\netgrif-components\src\lib\dashboard\cards\barchart-card\barchart-card.component.ts
FN:21,BarchartCardComponent
FN:29,(anonymous_2)
FN:33,(anonymous_3)
FN:38,(anonymous_4)
FN:39,(anonymous_5)
FNF:5
FNH:0
FNDA:0,BarchartCardComponent
FNDA:0,(anonymous_2)
FNDA:0,(anonymous_3)
FNDA:0,(anonymous_4)
FNDA:0,(anonymous_5)
DA:17,1
DA:21,0
DA:22,0
DA:23,0
DA:24,0
DA:25,0
DA:26,0
DA:29,1
DA:30,0
DA:33,1
DA:34,0
DA:35,0
DA:38,1
DA:39,0
DA:40,0
DA:42,0
DA:44,1
LF:17
LH:5
BRDA:25,0,0,0
BRDA:25,0,1,0
BRF:2
BRH:0
end_of_record
TN:
SF:\Documents\Projects\Work\Netgrif\Application-Engine\NAE-frontend\projects\netgrif-components\src\lib\dashboard\cards\count-card\count-card.component.ts
FN:12,CountCardComponent
FNF:1
FNH:1
FNDA:1,CountCardComponent
DA:10,1
DA:12,1
DA:13,1
DA:15,1
LF:4
LH:4
BRDA:13,0,0,1
BRDA:13,0,1,1
BRF:2
BRH:2
end_of_record
TN:
SF:\Documents\Projects\Work\Netgrif\Application-Engine\NAE-frontend\projects\netgrif-components\src\lib\dashboard\cards\iframe-card\iframe-card.component.ts
FN:12,IframeCardComponent
FNF:1
FNH:1
FNDA:1,IframeCardComponent
DA:10,1
DA:12,1
DA:13,1
DA:15,1
LF:4
LH:4
BRDA:13,0,0,1
BRDA:13,0,1,1
BRF:2
BRH:2
end_of_record
TN:
SF:\Documents\Projects\Work\Netgrif\Application-Engine\NAE-frontend\projects\netgrif-components\src\lib\dashboard\cards\lineargauge-card\linear-gauge-card.component.ts
FN:15,LinearGaugeCardComponent
FN:23,(anonymous_2)
FN:27,(anonymous_3)
FN:32,(anonymous_4)
FNF:4
FNH:0
FNDA:0,LinearGaugeCardComponent
FNDA:0,(anonymous_2)
FNDA:0,(anonymous_3)
FNDA:0,(anonymous_4)
DA:11,1
DA:15,0
DA:16,0
DA:17,0
DA:18,0
DA:19,0
DA:20,0
DA:23,1
DA:24,0
DA:27,1
DA:28,0
DA:29,0
DA:32,1
DA:33,0
DA:35,1
LF:15
LH:5
BRDA:19,0,0,0
BRDA:19,0,1,0
BRF:2
BRH:0
end_of_record
TN:
SF:\Documents\Projects\Work\Netgrif\Application-Engine\NAE-frontend\projects\netgrif-components\src\lib\dashboard\cards\linechart-card\line-chart-card.component.ts
FN:22,LineChartCardComponent
FN:30,(anonymous_2)
FN:34,(anonymous_3)
FN:39,(anonymous_4)
FN:45,(anonymous_5)
FNF:5
FNH:0
FNDA:0,LineChartCardComponent
FNDA:0,(anonymous_2)
FNDA:0,(anonymous_3)
FNDA:0,(anonymous_4)
FNDA:0,(anonymous_5)
DA:17,1
DA:19,0
DA:22,0
DA:23,0
DA:24,0
DA:25,0
DA:26,0
DA:27,0
DA:30,1
DA:31,0
DA:34,1
DA:35,0
DA:36,0
DA:39,1
DA:40,0
DA:42,0
DA:43,0
DA:44,0
DA:45,0
DA:46,0
DA:48,0
DA:51,0
DA:53,1
LF:23
LH:5
BRDA:26,0,0,0
BRDA:26,0,1,0
BRDA:43,1,0,0
BRDA:43,1,1,0
BRF:4
BRH:0
end_of_record
TN:
SF:\Documents\Projects\Work\Netgrif\Application-Engine\NAE-frontend\projects\netgrif-components\src\lib\dashboard\cards\piechart-card\pie-chart-card.component.ts
FN:17,PieChartCardComponent
FN:25,(anonymous_2)
FN:29,(anonymous_3)
FN:34,(anonymous_4)
FN:35,(anonymous_5)
FNF:5
FNH:0
FNDA:0,PieChartCardComponent
FNDA:0,(anonymous_2)
FNDA:0,(anonymous_3)
FNDA:0,(anonymous_4)
FNDA:0,(anonymous_5)
DA:11,1
DA:13,0
DA:14,0
DA:17,0
DA:18,0
DA:19,0
DA:20,0
DA:21,0
DA:22,0
DA:25,1
DA:26,0
DA:29,1
DA:30,0
DA:31,0
DA:34,1
DA:35,0
DA:36,0
DA:38,0
DA:40,1
LF:19
LH:5
BRDA:21,0,0,0
BRDA:21,0,1,0
BRF:2
BRH:0
end_of_record
TN:
SF:\Documents\Projects\Work\Netgrif\Application-Engine\NAE-frontend\projects\netgrif-components\src\lib\dashboard\cards\portal-card\portal-card.component.ts
FN:18,PortalCardComponent
FN:26,(anonymous_2)
FN:30,(anonymous_3)
FN:35,(anonymous_4)
FNF:4
FNH:0
FNDA:0,PortalCardComponent
FNDA:0,(anonymous_2)
FNDA:0,(anonymous_3)
FNDA:0,(anonymous_4)
DA:12,1
DA:18,0
DA:19,0
DA:20,0
DA:21,0
DA:22,0
DA:23,0
DA:26,1
DA:27,0
DA:30,1
DA:31,0
DA:32,0
DA:35,1
DA:37,1
LF:14
LH:5
BRDA:22,0,0,0
BRDA:22,0,1,0
BRF:2
BRH:0
end_of_record
TN:
SF:\Documents\Projects\Work\Netgrif\Application-Engine\NAE-frontend\projects\netgrif-components\src\lib\dashboard\dashboard-content\dashboard-content.component.ts
FN:11,DashboardContentComponent
FNF:1
FNH:1
FNDA:1,DashboardContentComponent
DA:9,1
DA:11,1
DA:12,1
DA:14,1
LF:4
LH:4
BRDA:12,0,0,1
BRDA:12,0,1,1
BRF:2
BRH:2
end_of_record
TN:
SF:\Documents\Projects\Work\Netgrif\Application-Engine\NAE-frontend\projects\netgrif-components\src\lib\data-fields\data-fields.module.ts
FNF:0
FNH:0
DA:131,1
DA:132,1
LF:2
LH:2
BRF:0
BRH:0
end_of_record
TN:
SF:\Documents\Projects\Work\Netgrif\Application-Engine\NAE-frontend\projects\netgrif-components\src\lib\data-fields\boolean-field\boolean-field.component.ts
FN:13,BooleanFieldComponent
FNF:1
FNH:1
FNDA:1,BooleanFieldComponent
DA:10,1
DA:14,1
DA:16,1
DA:17,1
DA:19,1
LF:5
LH:5
BRDA:16,0,0,1
BRDA:16,0,1,0
BRF:2
BRH:1
end_of_record
TN:
SF:\Documents\Projects\Work\Netgrif\Application-Engine\NAE-frontend\projects\netgrif-components\src\lib\data-fields\button-field\button-field.component.ts
FN:12,ButtonFieldComponent
FNF:1
FNH:1
FNDA:1,ButtonFieldComponent
DA:10,1
DA:13,1
DA:15,1
DA:17,1
LF:4
LH:4
BRDA:15,0,0,1
BRDA:15,0,1,0
BRF:2
BRH:1
end_of_record
TN:
SF:\Documents\Projects\Work\Netgrif\Application-Engine\NAE-frontend\projects\netgrif-components\src\lib\data-fields\data-field-template\data-field-template.component.ts
FN:11,DataFieldTemplateComponent
FNF:1
FNH:1
FNDA:4,DataFieldTemplateComponent
DA:9,1
DA:11,4
DA:12,4
DA:14,1
LF:4
LH:4
BRDA:12,0,0,4
BRDA:12,0,1,4
BRF:2
BRH:2
end_of_record
TN:
SF:\Documents\Projects\Work\Netgrif\Application-Engine\NAE-frontend\projects\netgrif-components\src\lib\data-fields\date-field\date-field.component.ts
FN:16,DateFieldComponent
FNF:1
FNH:1
FNDA:1,DateFieldComponent
DA:15,1
DA:18,1
DA:20,1
LF:3
LH:3
BRDA:18,0,0,1
BRDA:18,0,1,0
BRF:2
BRH:1
end_of_record
TN:
SF:\Documents\Projects\Work\Netgrif\Application-Engine\NAE-frontend\projects\netgrif-components\src\lib\data-fields\date-time-field\date-time-field.component.ts
FN:16,DateTimeFieldComponent
FNF:1
FNH:1
FNDA:1,DateTimeFieldComponent
DA:14,1
DA:18,1
DA:20,1
LF:3
LH:3
BRDA:18,0,0,1
BRDA:18,0,1,0
BRF:2
BRH:1
end_of_record
TN:
SF:\Documents\Projects\Work\Netgrif\Application-Engine\NAE-frontend\projects\netgrif-components\src\lib\data-fields\enumeration-field\enumeration-field.component.ts
FN:10,EnumerationFieldComponent
FNF:1
FNH:1
FNDA:1,EnumerationFieldComponent
DA:9,1
DA:11,1
DA:13,1
LF:3
LH:3
BRDA:11,0,0,1
BRDA:11,0,1,0
BRF:2
BRH:1
end_of_record
TN:
SF:\Documents\Projects\Work\Netgrif\Application-Engine\NAE-frontend\projects\netgrif-components\src\lib\data-fields\enumeration-field\enumeration-autocomplete-dynamic-field\enumeration-autocomplete-dynamic-field.component.ts
FN:14,EnumerationAutocompleteDynamicFieldComponent
FNF:1
FNH:1
FNDA:1,EnumerationAutocompleteDynamicFieldComponent
DA:12,1
DA:14,1
DA:15,1
DA:17,1
LF:4
LH:4
BRDA:15,0,0,1
BRDA:15,0,1,1
BRF:2
BRH:2
end_of_record
TN:
SF:\Documents\Projects\Work\Netgrif\Application-Engine\NAE-frontend\projects\netgrif-components\src\lib\data-fields\enumeration-field\enumeration-autocomplete-select-field\enumeration-autocomplete-select-field.component.ts
FN:12,EnumerationAutocompleteSelectFieldComponent
FNF:1
FNH:1
FNDA:1,EnumerationAutocompleteSelectFieldComponent
DA:10,1
DA:12,1
DA:13,1
DA:15,1
LF:4
LH:4
BRDA:13,0,0,1
BRDA:13,0,1,1
BRF:2
BRH:2
end_of_record
TN:
SF:\Documents\Projects\Work\Netgrif\Application-Engine\NAE-frontend\projects\netgrif-components\src\lib\data-fields\enumeration-field\enumeration-icon-field\enumeration-icon-field.component.ts
FN:11,EnumerationIconFieldComponent
FNF:1
FNH:1
FNDA:1,EnumerationIconFieldComponent
DA:9,1
DA:12,1
DA:14,1
LF:3
LH:3
BRDA:12,0,0,1
BRDA:12,0,1,1
BRF:2
BRH:2
end_of_record
TN:
SF:\Documents\Projects\Work\Netgrif\Application-Engine\NAE-frontend\projects\netgrif-components\src\lib\data-fields\enumeration-field\enumeration-list-field\enumeration-list-field.component.ts
FN:10,EnumerationListFieldComponent
FNF:1
FNH:1
FNDA:1,EnumerationListFieldComponent
DA:9,1
DA:11,1
DA:13,1
LF:3
LH:3
BRDA:11,0,0,1
BRDA:11,0,1,1
BRF:2
BRH:2
end_of_record
TN:
SF:\Documents\Projects\Work\Netgrif\Application-Engine\NAE-frontend\projects\netgrif-components\src\lib\data-fields\enumeration-field\enumeration-select-field\enumeration-select-field.component.ts
FN:10,EnumerationSelectFieldComponent
FNF:1
FNH:1
FNDA:1,EnumerationSelectFieldComponent
DA:9,1
DA:11,1
DA:13,1
LF:3
LH:3
BRDA:11,0,0,1
BRDA:11,0,1,1
BRF:2
BRH:2
end_of_record
TN:
SF:\Documents\Projects\Work\Netgrif\Application-Engine\NAE-frontend\projects\netgrif-components\src\lib\data-fields\enumeration-field\enumeration-stepper-field\enumeration-stepper-field.component.ts
FN:13,EnumerationStepperFieldComponent
FNF:1
FNH:1
FNDA:1,EnumerationStepperFieldComponent
DA:11,1
DA:13,1
DA:14,1
DA:16,1
LF:4
LH:4
BRDA:14,0,0,1
BRDA:14,0,1,1
BRF:2
BRH:2
end_of_record
TN:
SF:\Documents\Projects\Work\Netgrif\Application-Engine\NAE-frontend\projects\netgrif-components\src\lib\data-fields\file-field\file-field.component.ts
FN:21,FileFieldComponent
FN:31,(anonymous_2)
FNF:2
FNH:1
FNDA:1,FileFieldComponent
FNDA:0,(anonymous_2)
DA:19,1
DA:26,1
DA:27,1
DA:28,1
DA:31,1
DA:32,0
DA:33,0
DA:42,1
LF:8
LH:6
BRDA:28,0,0,1
BRDA:28,0,1,0
BRF:2
BRH:1
end_of_record
TN:
SF:\Documents\Projects\Work\Netgrif\Application-Engine\NAE-frontend\projects\netgrif-components\src\lib\data-fields\file-field-list\file-list-field.component.ts
FN:18,FileListFieldComponent
FNF:1
FNH:1
FNDA:1,FileListFieldComponent
DA:16,1
DA:23,1
DA:25,1
LF:3
LH:3
BRDA:23,0,0,1
BRDA:23,0,1,0
BRF:2
BRH:1
end_of_record
TN:
SF:\Documents\Projects\Work\Netgrif\Application-Engine\NAE-frontend\projects\netgrif-components\src\lib\data-fields\file-field\preview-dialog\preview-dialog.component.ts
FN:15,PreviewDialogComponent
FN:16,(anonymous_2)
FN:21,(anonymous_3)
FN:24,(anonymous_4)
FN:28,(anonymous_5)
FNF:5
FNH:5
FNDA:1,PreviewDialogComponent
FNDA:1,(anonymous_2)
FNDA:1,(anonymous_3)
FNDA:6,(anonymous_4)
FNDA:4,(anonymous_5)
DA:12,1
DA:15,1
DA:16,1
DA:17,1
DA:21,1
DA:24,1
DA:25,6
DA:28,1
DA:29,4
DA:31,1
LF:10
LH:10
BRF:0
BRH:0
end_of_record
TN:
SF:\Documents\Projects\Work\Netgrif\Application-Engine\NAE-frontend\projects\netgrif-components\src\lib\data-fields\filter-field\filter-field.component.ts
FN:17,FilterFieldComponent
FN:22,(anonymous_2)
FNF:2
FNH:2
FNDA:1,FilterFieldComponent
FNDA:1,(anonymous_2)
DA:15,1
DA:19,1
DA:22,1
DA:23,1
DA:25,1
LF:5
LH:5
BRDA:19,0,0,1
BRDA:19,0,1,0
BRF:2
BRH:1
end_of_record
TN:
SF:\Documents\Projects\Work\Netgrif\Application-Engine\NAE-frontend\projects\netgrif-components\src\lib\data-fields\filter-field\filter-field-content\filter-field-content.component.ts
FN:10,filterFieldBaseFilterFactory
FN:16,filterFieldAllowedNetsFactory
FN:20,filterFieldCategoriesFactory
FN:21,(anonymous_3)
FN:22,(anonymous_4)
FN:40,FilterFieldContentComponent
FNF:6
FNH:3
FNDA:2,filterFieldBaseFilterFactory
FNDA:2,filterFieldAllowedNetsFactory
FNDA:0,filterFieldCategoriesFactory
FNDA:0,(anonymous_3)
FNDA:0,(anonymous_4)
FNDA:2,FilterFieldContentComponent
DA:11,2
DA:17,2
DA:21,0
DA:22,0
DA:23,0
DA:38,1
DA:42,2
DA:45,1
LF:8
LH:5
BRDA:42,0,0,2
BRDA:42,0,1,2
BRF:2
BRH:2
end_of_record
TN:
SF:\Documents\Projects\Work\Netgrif\Application-Engine\NAE-frontend\projects\netgrif-components\src\lib\data-fields\multichoice-field\multichoice-field.component.ts
FN:11,MultichoiceFieldComponent
FNF:1
FNH:1
FNDA:1,MultichoiceFieldComponent
DA:9,1
DA:12,1
DA:14,1
LF:3
LH:3
BRDA:12,0,0,1
BRDA:12,0,1,0
BRF:2
BRH:1
end_of_record
TN:
SF:\Documents\Projects\Work\Netgrif\Application-Engine\NAE-frontend\projects\netgrif-components\src\lib\data-fields\multichoice-field\multichoice-list-field\multichoice-list-field.component.ts
FN:11,MultichoiceListFieldComponent
FNF:1
FNH:1
FNDA:1,MultichoiceListFieldComponent
DA:9,1
DA:12,1
DA:14,1
LF:3
LH:3
BRDA:12,0,0,1
BRDA:12,0,1,1
BRF:2
BRH:2
end_of_record
TN:
SF:\Documents\Projects\Work\Netgrif\Application-Engine\NAE-frontend\projects\netgrif-components\src\lib\data-fields\multichoice-field\multichoice-select-field\multichoice-select-field.component.ts
FNF:0
FNH:0
DA:9,1
DA:10,1
LF:2
LH:2
BRF:0
BRH:0
end_of_record
TN:
SF:\Documents\Projects\Work\Netgrif\Application-Engine\NAE-frontend\projects\netgrif-components\src\lib\data-fields\number-field\number-field.component.ts
FN:11,NumberFieldComponent
FN:16,(anonymous_2)
FNF:2
FNH:1
FNDA:1,NumberFieldComponent
FNDA:0,(anonymous_2)
DA:10,1
DA:13,1
DA:16,1
DA:17,0
DA:18,0
DA:20,0
DA:23,1
LF:7
LH:4
BRDA:13,0,0,1
BRDA:13,0,1,0
BRDA:17,1,0,0
BRDA:17,1,1,0
BRF:4
BRH:1
end_of_record
TN:
SF:\Documents\Projects\Work\Netgrif\Application-Engine\NAE-frontend\projects\netgrif-components\src\lib\data-fields\number-field\number-currency-field\number-currency-field.component.ts
FN:17,NumberCurrencyFieldComponent
FN:24,(anonymous_2)
FN:28,(anonymous_3)
FN:32,(anonymous_4)
FNF:4
FNH:2
FNDA:1,NumberCurrencyFieldComponent
FNDA:1,(anonymous_2)
FNDA:0,(anonymous_3)
FNDA:0,(anonymous_4)
DA:15,1
DA:18,1
DA:19,1
DA:20,1
DA:21,1
DA:24,1
DA:25,1
DA:28,1
DA:29,0
DA:32,1
DA:33,0
DA:35,1
LF:12
LH:10
BRDA:18,0,0,1
BRDA:18,0,1,0
BRF:2
BRH:1
end_of_record
TN:
SF:\Documents\Projects\Work\Netgrif\Application-Engine\NAE-frontend\projects\netgrif-components\src\lib\data-fields\number-field\number-default-field\number-default-field.component.ts
FN:11,NumberDefaultFieldComponent
FNF:1
FNH:1
FNDA:1,NumberDefaultFieldComponent
DA:10,1
DA:12,1
DA:14,1
LF:3
LH:3
BRDA:12,0,0,1
BRDA:12,0,1,0
BRF:2
BRH:1
end_of_record
TN:
SF:\Documents\Projects\Work\Netgrif\Application-Engine\NAE-frontend\projects\netgrif-components\src\lib\data-fields\required-label\required-label.component.ts
FN:12,RequiredLabelComponent
FN:15,(anonymous_2)
FNF:2
FNH:2
FNDA:2,RequiredLabelComponent
FNDA:2,(anonymous_2)
DA:8,1
DA:10,2
DA:15,1
DA:18,1
LF:4
LH:4
BRF:0
BRH:0
end_of_record
TN:
SF:\Documents\Projects\Work\Netgrif\Application-Engine\NAE-frontend\projects\netgrif-components\src\lib\data-fields\text-field\text-field.component.ts
FN:11,TextFieldComponent
FNF:1
FNH:0
FNDA:0,TextFieldComponent
DA:9,1
DA:12,0
DA:14,1
LF:3
LH:2
BRDA:12,0,0,0
BRDA:12,0,1,0
BRF:2
BRH:0
end_of_record
TN:
SF:\Documents\Projects\Work\Netgrif\Application-Engine\NAE-frontend\projects\netgrif-components\src\lib\data-fields\text-field\html-textarea-field\html-textarea-field.component.ts
FN:12,HtmlTextareaFieldComponent
FNF:1
FNH:1
FNDA:1,HtmlTextareaFieldComponent
DA:11,1
DA:12,1
DA:13,1
DA:15,1
LF:4
LH:4
BRDA:13,0,0,1
BRDA:13,0,1,0
BRF:2
BRH:1
end_of_record
TN:
SF:\Documents\Projects\Work\Netgrif\Application-Engine\NAE-frontend\projects\netgrif-components\src\lib\data-fields\text-field\password-text-field\password-text-field.component.ts
FN:14,PasswordTextFieldComponent
FN:19,(anonymous_2)
FNF:2
FNH:0
FNDA:0,PasswordTextFieldComponent
FNDA:0,(anonymous_2)
DA:10,1
DA:14,0
DA:15,0
DA:16,0
DA:19,1
DA:22,1
LF:6
LH:3
BRDA:15,0,0,0
BRDA:15,0,1,0
BRF:2
BRH:0
end_of_record
TN:
SF:\Documents\Projects\Work\Netgrif\Application-Engine\NAE-frontend\projects\netgrif-components\src\lib\data-fields\text-field\rich-textarea-field\rich-textarea-field.component.ts
FN:11,RichTextareaFieldComponent
FNF:1
FNH:0
FNDA:0,RichTextareaFieldComponent
DA:10,1
DA:11,0
DA:12,0
DA:14,1
LF:4
LH:2
BRDA:12,0,0,0
BRDA:12,0,1,0
BRF:2
BRH:0
end_of_record
TN:
SF:\Documents\Projects\Work\Netgrif\Application-Engine\NAE-frontend\projects\netgrif-components\src\lib\data-fields\text-field\simple-text-field\simple-text-field.component.ts
FN:11,SimpleTextFieldComponent
FNF:1
FNH:1
FNDA:1,SimpleTextFieldComponent
DA:10,1
DA:11,1
DA:12,1
DA:14,1
LF:4
LH:4
BRDA:12,0,0,1
BRDA:12,0,1,0
BRF:2
BRH:1
end_of_record
TN:
SF:\Documents\Projects\Work\Netgrif\Application-Engine\NAE-frontend\projects\netgrif-components\src\lib\data-fields\text-field\textarea-field\textarea-field.component.ts
FN:12,TextareaFieldComponent
FNF:1
FNH:1
FNDA:1,TextareaFieldComponent
DA:10,1
DA:12,1
DA:13,1
DA:15,1
LF:4
LH:4
BRDA:13,0,0,1
BRDA:13,0,1,0
BRF:2
BRH:1
end_of_record
TN:
SF:\Documents\Projects\Work\Netgrif\Application-Engine\NAE-frontend\projects\netgrif-components\src\lib\data-fields\user-field\user-field.component.ts
FN:13,UserFieldComponent
FN:20,(anonymous_2)
FNF:2
FNH:1
FNDA:1,UserFieldComponent
FNDA:0,(anonymous_2)
DA:11,1
DA:17,1
DA:20,1
DA:21,0
DA:23,1
LF:5
LH:4
BRDA:17,0,0,1
BRDA:17,0,1,0
BRF:2
BRH:1
end_of_record
TN:
SF:\Documents\Projects\Work\Netgrif\Application-Engine\NAE-frontend\projects\netgrif-components\src\lib\forms\email-submission\email-submission-form.component.ts
FN:11,EmailSubmissionFormComponent
FNF:1
FNH:1
FNDA:1,EmailSubmissionFormComponent
DA:10,1
DA:12,1
DA:14,1
LF:3
LH:3
BRDA:12,0,0,1
BRDA:12,0,1,1
BRF:2
BRH:2
end_of_record
TN:
SF:\Documents\Projects\Work\Netgrif\Application-Engine\NAE-frontend\projects\netgrif-components\src\lib\forms\forgotten-password\forgotten-password-form.component.ts
FN:12,ForgottenPasswordFormComponent
FNF:1
FNH:1
FNDA:1,ForgottenPasswordFormComponent
DA:11,1
DA:16,1
DA:18,1
LF:3
LH:3
BRDA:16,0,0,1
BRDA:16,0,1,0
BRF:2
BRH:1
end_of_record
TN:
SF:\Documents\Projects\Work\Netgrif\Application-Engine\NAE-frontend\projects\netgrif-components\src\lib\forms\login\login-form.component.ts
FN:11,LoginFormComponent
FNF:1
FNH:1
FNDA:1,LoginFormComponent
DA:10,1
DA:11,1
DA:12,1
DA:14,1
LF:4
LH:4
BRDA:12,0,0,1
BRDA:12,0,1,1
BRF:2
BRH:2
end_of_record
TN:
SF:\Documents\Projects\Work\Netgrif\Application-Engine\NAE-frontend\projects\netgrif-components\src\lib\forms\registration\registration-form.component.ts
FN:12,RegistrationFormComponent
FNF:1
FNH:1
FNDA:1,RegistrationFormComponent
DA:11,1
DA:16,1
DA:18,1
LF:3
LH:3
BRDA:16,0,0,1
BRDA:16,0,1,0
BRF:2
BRH:1
end_of_record
TN:
SF:\Documents\Projects\Work\Netgrif\Application-Engine\NAE-frontend\projects\netgrif-components\src\lib\header\header.component.ts
FN:27,HeaderComponent
FNF:1
FNH:1
FNDA:2,HeaderComponent
DA:25,1
DA:27,2
DA:28,2
DA:29,2
DA:30,2
DA:32,1
LF:6
LH:6
BRDA:30,0,0,2
BRDA:30,0,1,2
BRF:2
BRH:2
end_of_record
TN:
SF:\Documents\Projects\Work\Netgrif\Application-Engine\NAE-frontend\projects\netgrif-components\src\lib\header\header.module.ts
FNF:0
FNH:0
DA:36,1
DA:37,1
LF:2
LH:2
BRF:0
BRH:0
end_of_record
TN:
SF:\Documents\Projects\Work\Netgrif\Application-Engine\NAE-frontend\projects\netgrif-components\src\lib\header\header-modes\edit-mode\edit-mode.component.ts
FN:11,EditModeComponent
FNF:1
FNH:1
FNDA:1,EditModeComponent
DA:10,1
DA:11,1
DA:12,1
DA:13,1
DA:15,1
LF:5
LH:5
BRDA:13,0,0,1
BRDA:13,0,1,0
BRF:2
BRH:1
end_of_record
TN:
SF:\Documents\Projects\Work\Netgrif\Application-Engine\NAE-frontend\projects\netgrif-components\src\lib\header\header-modes\loading-mode\loading-mode.component.ts
FN:10,LoadingModeComponent
FNF:1
FNH:1
FNDA:1,LoadingModeComponent
DA:9,1
DA:11,1
DA:13,1
LF:3
LH:3
BRDA:11,0,0,1
BRDA:11,0,1,0
BRF:2
BRH:1
end_of_record
TN:
SF:\Documents\Projects\Work\Netgrif\Application-Engine\NAE-frontend\projects\netgrif-components\src\lib\header\header-modes\search-mode\search-mode.component.ts
FN:18,SearchModeComponent
FN:22,(anonymous_2)
FNF:2
FNH:1
FNDA:1,SearchModeComponent
FNDA:0,(anonymous_2)
DA:16,1
DA:18,1
DA:19,1
DA:22,1
DA:23,0
DA:25,1
LF:6
LH:5
BRDA:19,0,0,1
BRDA:19,0,1,0
BRF:2
BRH:1
end_of_record
TN:
SF:\Documents\Projects\Work\Netgrif\Application-Engine\NAE-frontend\projects\netgrif-components\src\lib\header\header-modes\sort-mode\sort-mode.component.ts
FN:10,SortModeComponent
FNF:1
FNH:1
FNDA:3,SortModeComponent
DA:9,1
DA:11,3
DA:13,1
LF:3
LH:3
BRDA:11,0,0,3
BRDA:11,0,1,0
BRF:2
BRH:1
end_of_record
TN:
SF:\Documents\Projects\Work\Netgrif\Application-Engine\NAE-frontend\projects\netgrif-components\src\lib\legal\legal-notice\legal-notice.component.ts
FN:11,LegalNoticeComponent
FNF:1
FNH:1
FNDA:2,LegalNoticeComponent
DA:9,1
DA:12,2
DA:15,1
LF:3
LH:3
BRDA:12,0,0,2
BRDA:12,0,1,2
BRF:2
BRH:2
end_of_record
TN:
SF:\Documents\Projects\Work\Netgrif\Application-Engine\NAE-frontend\projects\netgrif-components\src\lib\legal\legal-notice\legal-notice.module.ts
FNF:0
FNH:0
DA:15,1
DA:16,1
LF:2
LH:2
BRF:0
BRH:0
end_of_record
TN:
SF:\Documents\Projects\Work\Netgrif\Application-Engine\NAE-frontend\projects\netgrif-components\src\lib\navigation\navigation-drawer\navigation-drawer.component.ts
FN:13,NavigationDrawerComponent
FNF:1
FNH:1
FNDA:1,NavigationDrawerComponent
DA:11,1
DA:13,1
DA:14,1
DA:15,1
DA:16,1
DA:18,1
LF:6
LH:6
BRDA:16,0,0,1
BRDA:16,0,1,1
BRF:2
BRH:2
end_of_record
TN:
SF:\Documents\Projects\Work\Netgrif\Application-Engine\NAE-frontend\projects\netgrif-components\src\lib\navigation\navigation-rail\navigation-rail.component.ts
FN:36,NavigationRailComponent
FNF:1
FNH:1
FNDA:1,NavigationRailComponent
DA:5,1
DA:19,1
DA:35,1
DA:37,1
DA:39,1
LF:5
LH:5
BRDA:37,0,0,1
BRDA:37,0,1,1
BRF:2
BRH:2
end_of_record
TN:
SF:\Documents\Projects\Work\Netgrif\Application-Engine\NAE-frontend\projects\netgrif-components\src\lib\navigation\navigation-tree\navigation-tree.component.ts
FN:19,NavigationTreeComponent
FNF:1
FNH:1
FNDA:1,NavigationTreeComponent
DA:17,1
DA:26,1
DA:28,1
LF:3
LH:3
BRDA:26,0,0,1
BRDA:26,0,1,0
BRF:2
BRH:1
end_of_record
TN:
SF:\Documents\Projects\Work\Netgrif\Application-Engine\NAE-frontend\projects\netgrif-components\src\lib\navigation\quick-panel\quick-panel.module.ts
FNF:0
FNH:0
DA:31,1
DA:32,1
LF:2
LH:2
BRF:0
BRH:0
end_of_record
TN:
SF:\Documents\Projects\Work\Netgrif\Application-Engine\NAE-frontend\projects\netgrif-components\src\lib\navigation\quick-panel\components\quick-panel.component.ts
FN:10,QuickPanelComponent
FNF:1
FNH:1
FNDA:1,QuickPanelComponent
DA:9,1
DA:10,1
DA:11,1
DA:13,1
LF:4
LH:4
BRDA:11,0,0,1
BRDA:11,0,1,0
BRF:2
BRH:1
end_of_record
TN:
SF:\Documents\Projects\Work\Netgrif\Application-Engine\NAE-frontend\projects\netgrif-components\src\lib\navigation\quick-panel\components\internal-link\internal-link.component.ts
FN:10,InternalLinkComponent
FNF:1
FNH:1
FNDA:1,InternalLinkComponent
DA:9,1
DA:11,1
DA:13,1
LF:3
LH:3
BRDA:11,0,0,1
BRDA:11,0,1,1
BRF:2
BRH:2
end_of_record
TN:
SF:\Documents\Projects\Work\Netgrif\Application-Engine\NAE-frontend\projects\netgrif-components\src\lib\navigation\quick-panel\components\language-selector\language-selector.component.ts
FN:10,LanguageSelectorComponent
FN:31,(anonymous_2)
FNF:2
FNH:2
FNDA:1,LanguageSelectorComponent
FNDA:8,(anonymous_2)
DA:9,1
DA:10,1
DA:11,1
DA:14,1
DA:20,1
DA:23,1
DA:31,1
DA:32,8
DA:34,1
LF:9
LH:9
BRDA:11,0,0,1
BRDA:11,0,1,1
BRDA:32,1,0,4
BRDA:32,1,1,4
BRDA:32,2,0,2
BRDA:32,2,1,2
BRF:6
BRH:6
end_of_record
TN:
SF:\Documents\Projects\Work\Netgrif\Application-Engine\NAE-frontend\projects\netgrif-components\src\lib\navigation\quick-panel\components\logout-shortcut\logout-shortcut.component.ts
FN:12,LogoutShortcutComponent
FNF:1
FNH:1
FNDA:1,LogoutShortcutComponent
DA:10,1
DA:12,1
DA:13,1
DA:14,1
DA:15,1
DA:16,1
DA:18,1
LF:7
LH:7
BRDA:16,0,0,1
BRDA:16,0,1,1
BRF:2
BRH:2
end_of_record
TN:
SF:\Documents\Projects\Work\Netgrif\Application-Engine\NAE-frontend\projects\netgrif-components\src\lib\panel\panel.component.ts
FN:11,PanelComponent
FNF:1
FNH:1
FNDA:5,PanelComponent
DA:10,1
DA:12,5
DA:14,1
LF:3
LH:3
BRDA:12,0,0,5
BRDA:12,0,1,5
BRF:2
BRH:2
end_of_record
TN:
SF:\Documents\Projects\Work\Netgrif\Application-Engine\NAE-frontend\projects\netgrif-components\src\lib\panel\panel.module.ts
FNF:0
FNH:0
DA:51,1
DA:52,1
LF:2
LH:2
BRF:0
BRH:0
end_of_record
TN:
SF:\Documents\Projects\Work\Netgrif\Application-Engine\NAE-frontend\projects\netgrif-components\src\lib\panel\case-panel\case-panel.component.ts
FN:13,CasePanelComponent
FNF:1
FNH:1
FNDA:1,CasePanelComponent
DA:12,1
DA:13,1
DA:14,1
DA:15,1
DA:16,1
DA:17,1
DA:20,1
LF:7
LH:7
BRDA:17,0,0,1
BRDA:17,0,1,0
BRF:2
BRH:1
end_of_record
TN:
SF:\Documents\Projects\Work\Netgrif\Application-Engine\NAE-frontend\projects\netgrif-components\src\lib\panel\immediate\immediate-filter-text\immediate-filter-text.component.ts
FN:13,ImmediateFilterTextComponent
FN:17,(anonymous_2)
FNF:2
FNH:2
FNDA:1,ImmediateFilterTextComponent
FNDA:1,(anonymous_2)
DA:11,1
DA:14,1
DA:17,1
DA:18,1
DA:20,1
LF:5
LH:5
BRDA:14,0,0,1
BRDA:14,0,1,1
BRF:2
BRH:2
end_of_record
TN:
SF:\Documents\Projects\Work\Netgrif\Application-Engine\NAE-frontend\projects\netgrif-components\src\lib\panel\immediate\immediate-filter-text-content\immediate-filter-text-content.component.ts
FN:18,filterTextBaseFilterFactory
FN:24,filterTextAllowedNetsFactory
FN:29,filterTextCategoriesFactory
FN:30,(anonymous_3)
FN:31,(anonymous_4)
FN:49,ImmediateFilterTextContentComponent
FNF:6
FNH:3
FNDA:2,filterTextBaseFilterFactory
FNDA:2,filterTextAllowedNetsFactory
FNDA:0,filterTextCategoriesFactory
FNDA:0,(anonymous_3)
FNDA:0,(anonymous_4)
FNDA:2,ImmediateFilterTextContentComponent
DA:19,2
DA:26,2
DA:30,0
DA:31,0
DA:32,0
DA:47,1
DA:52,2
DA:55,1
LF:8
LH:5
BRDA:52,0,0,2
BRDA:52,0,1,2
BRF:2
BRH:2
end_of_record
TN:
SF:\Documents\Projects\Work\Netgrif\Application-Engine\NAE-frontend\projects\netgrif-components\src\lib\panel\public-workflow-panel\public-workflow-panel.component.ts
FN:15,PublicWorkflowPanelComponent
FNF:1
FNH:1
FNDA:1,PublicWorkflowPanelComponent
DA:14,1
DA:16,1
DA:18,1
LF:3
LH:3
BRDA:16,0,0,1
BRDA:16,0,1,0
BRF:2
BRH:1
end_of_record
TN:
SF:\Documents\Projects\Work\Netgrif\Application-Engine\NAE-frontend\projects\netgrif-components\src\lib\panel\task-panel\task-panel.component.ts
FN:51,TaskPanelComponent
FN:74,(anonymous_2)
FNF:2
FNH:2
FNDA:1,TaskPanelComponent
FNDA:1,(anonymous_2)
DA:49,1
DA:51,1
DA:52,1
DA:53,1
DA:54,1
DA:55,1
DA:56,1
DA:57,1
DA:58,1
DA:59,1
DA:60,1
DA:61,1
DA:62,1
DA:63,1
DA:64,1
DA:66,1
DA:67,1
DA:68,1
DA:69,1
DA:74,1
DA:75,1
DA:79,1
DA:81,1
DA:82,1
DA:84,0
DA:87,1
LF:26
LH:25
BRDA:69,0,0,1
BRDA:69,0,1,0
BRDA:81,1,0,1
BRDA:81,1,1,0
BRF:4
BRH:2
end_of_record
TN:
SF:\Documents\Projects\Work\Netgrif\Application-Engine\NAE-frontend\projects\netgrif-components\src\lib\panel\task-panel-list\task-list.component.ts
FN:10,TaskListComponent
FNF:1
FNH:1
FNDA:2,TaskListComponent
DA:9,1
DA:10,2
DA:11,2
DA:13,2
DA:15,1
LF:5
LH:5
BRDA:13,0,0,2
BRDA:13,0,1,0
BRF:2
BRH:1
end_of_record
TN:
SF:\Documents\Projects\Work\Netgrif\Application-Engine\NAE-frontend\projects\netgrif-components\src\lib\panel\workflow-panel\workflow-panel.component.ts
FN:11,WorkflowPanelComponent
FNF:1
FNH:1
FNDA:1,WorkflowPanelComponent
DA:10,1
DA:12,1
DA:14,1
LF:3
LH:3
BRDA:12,0,0,1
BRDA:12,0,1,0
BRF:2
BRH:1
end_of_record
TN:
SF:\Documents\Projects\Work\Netgrif\Application-Engine\NAE-frontend\projects\netgrif-components\src\lib\search\search.module.ts
FNF:0
FNH:0
DA:32,1
DA:33,1
LF:2
LH:2
BRF:0
BRH:0
end_of_record
TN:
SF:\Documents\Projects\Work\Netgrif\Application-Engine\NAE-frontend\projects\netgrif-components\src\lib\search\advanced-search\advanced-search.module.ts
FNF:0
FNH:0
DA:33,1
DA:34,1
LF:2
LH:2
BRF:0
BRH:0
end_of_record
TN:
SF:\Documents\Projects\Work\Netgrif\Application-Engine\NAE-frontend\projects\netgrif-components\src\lib\search\advanced-search\advanced-search-component\advanced-search.component.ts
FN:12,AdvancedSearchComponent
FNF:1
FNH:1
FNDA:1,AdvancedSearchComponent
DA:10,1
DA:13,1
DA:16,1
LF:3
LH:3
BRDA:13,0,0,1
BRDA:13,0,1,1
BRF:2
BRH:2
end_of_record
TN:
SF:\Documents\Projects\Work\Netgrif\Application-Engine\NAE-frontend\projects\netgrif-components\src\lib\search\advanced-search\search-clause-component\search-clause.component.ts
FN:10,SearchClauseComponent
FNF:1
FNH:1
FNDA:2,SearchClauseComponent
DA:9,1
DA:11,2
DA:13,1
LF:3
LH:3
BRDA:11,0,0,2
BRDA:11,0,1,2
BRF:2
BRH:2
end_of_record
TN:
SF:\Documents\Projects\Work\Netgrif\Application-Engine\NAE-frontend\projects\netgrif-components\src\lib\search\advanced-search\search-configuration-input-component\search-configuration-input.component.ts
FN:16,SearchConfigurationInputComponent
FNF:1
FNH:1
FNDA:1,SearchConfigurationInputComponent
DA:9,1
DA:12,1
DA:14,1
DA:17,1
DA:20,1
LF:5
LH:5
BRDA:17,0,0,1
BRDA:17,0,1,1
BRF:2
BRH:2
end_of_record
TN:
SF:\Documents\Projects\Work\Netgrif\Application-Engine\NAE-frontend\projects\netgrif-components\src\lib\search\advanced-search\search-operand-input-component\search-operand-input.component.ts
FN:26,SearchOperandInputComponent
FNF:1
FNH:1
FNDA:1,SearchOperandInputComponent
DA:18,1
DA:21,1
DA:23,1
DA:24,1
DA:27,1
DA:29,1
LF:6
LH:6
BRDA:27,0,0,1
BRDA:27,0,1,1
BRF:2
BRH:2
end_of_record
TN:
SF:\Documents\Projects\Work\Netgrif\Application-Engine\NAE-frontend\projects\netgrif-components\src\lib\search\advanced-search\search-predicate-component\search-predicate.component.ts
FN:16,SearchPredicateComponent
FNF:1
FNH:1
FNDA:3,SearchPredicateComponent
DA:14,1
DA:19,3
DA:21,1
LF:3
LH:3
BRDA:19,0,0,3
BRDA:19,0,1,3
BRF:2
BRH:2
end_of_record
TN:
SF:\Documents\Projects\Work\Netgrif\Application-Engine\NAE-frontend\projects\netgrif-components\src\lib\search\fulltext-search-component\fulltext-search.component.ts
FN:11,FulltextSearchComponent
FNF:1
FNH:1
FNDA:4,FulltextSearchComponent
DA:9,1
DA:12,4
DA:15,1
LF:3
LH:3
BRDA:12,0,0,4
BRDA:12,0,1,4
BRF:2
BRH:2
end_of_record
TN:
SF:\Documents\Projects\Work\Netgrif\Application-Engine\NAE-frontend\projects\netgrif-components\src\lib\search\search-component\search.component.ts
FN:32,SearchComponent
FNF:1
FNH:1
FNDA:3,SearchComponent
DA:30,1
DA:41,3
DA:42,3
DA:45,1
LF:4
LH:4
BRDA:41,0,0,0
BRDA:41,0,1,3
BRDA:42,1,0,3
BRDA:42,1,1,3
BRF:4
BRH:3
end_of_record
TN:
SF:\Documents\Projects\Work\Netgrif\Application-Engine\NAE-frontend\projects\netgrif-components\src\lib\search\search-component\case-search\case-search.component.ts
FNF:0
FNH:0
DA:19,1
DA:20,1
LF:2
LH:2
BRF:0
BRH:0
end_of_record
TN:
SF:\Documents\Projects\Work\Netgrif\Application-Engine\NAE-frontend\projects\netgrif-components\src\lib\search\search-component\task-search\task-search.component.ts
FNF:0
FNH:0
DA:19,1
DA:20,1
LF:2
LH:2
BRF:0
BRH:0
end_of_record
TN:
SF:\Documents\Projects\Work\Netgrif\Application-Engine\NAE-frontend\projects\netgrif-components\src\lib\side-menu\content-components\side-menu-content-component.module.ts
FNF:0
FNH:0
DA:52,1
DA:53,1
LF:2
LH:2
BRF:0
BRH:0
end_of_record
TN:
SF:\Documents\Projects\Work\Netgrif\Application-Engine\NAE-frontend\projects\netgrif-components\src\lib\side-menu\content-components\filter-selector\filter-selector.component.ts
FN:30,FilterSelectorComponent
FNF:1
FNH:1
FNDA:1,FilterSelectorComponent
DA:21,1
DA:30,1
DA:31,1
DA:32,1
DA:35,1
LF:5
LH:5
BRDA:32,0,0,1
BRDA:32,0,1,1
BRF:2
BRH:2
end_of_record
TN:
SF:\Documents\Projects\Work\Netgrif\Application-Engine\NAE-frontend\projects\netgrif-components\src\lib\side-menu\content-components\filter-selector\side-menu-filter-selector-component.module.ts
FNF:0
FNH:0
DA:24,1
DA:25,1
LF:2
LH:2
BRF:0
BRH:0
end_of_record
TN:
SF:\Documents\Projects\Work\Netgrif\Application-Engine\NAE-frontend\projects\netgrif-components\src\lib\side-menu\content-components\filter-selector\filter-selector-list-item\filter-selector-list-item.component.ts
FNF:0
FNH:0
DA:13,1
DA:15,1
LF:2
LH:2
BRF:0
BRH:0
end_of_record
TN:
SF:\Documents\Projects\Work\Netgrif\Application-Engine\NAE-frontend\projects\netgrif-components\src\lib\side-menu\content-components\import-net\import-net.component.ts
FN:28,ImportNetComponent
FNF:1
FNH:1
FNDA:1,ImportNetComponent
DA:26,1
DA:28,1
DA:29,1
DA:30,1
DA:31,1
DA:32,1
DA:33,1
DA:35,1
LF:8
LH:8
BRDA:33,0,0,1
BRDA:33,0,1,1
BRF:2
BRH:2
end_of_record
TN:
SF:\Documents\Projects\Work\Netgrif\Application-Engine\NAE-frontend\projects\netgrif-components\src\lib\side-menu\content-components\import-net\side-menu-import-net-component.module.ts
FNF:0
FNH:0
DA:24,1
DA:25,1
LF:2
LH:2
BRF:0
BRH:0
end_of_record
TN:
SF:\Documents\Projects\Work\Netgrif\Application-Engine\NAE-frontend\projects\netgrif-components\src\lib\side-menu\content-components\load-filter\load-filter.component.ts
FN:19,baseFilterFactory
FN:28,localAllowedNetsFactory
FN:53,LoadFilterComponent
FN:59,(anonymous_4)
FNF:4
FNH:0
FNDA:0,baseFilterFactory
FNDA:0,localAllowedNetsFactory
FNDA:0,LoadFilterComponent
FNDA:0,(anonymous_4)
DA:20,0
DA:21,0
DA:23,0
DA:25,0
DA:29,0
DA:49,1
DA:56,0
DA:59,1
DA:60,0
DA:62,1
LF:10
LH:3
BRDA:20,0,0,0
BRDA:20,0,1,0
BRDA:56,1,0,0
BRDA:56,1,1,0
BRF:4
BRH:0
end_of_record
TN:
SF:\Documents\Projects\Work\Netgrif\Application-Engine\NAE-frontend\projects\netgrif-components\src\lib\side-menu\content-components\load-filter\side-menu-load-filter-component.module.ts
FNF:0
FNH:0
DA:24,1
DA:25,1
LF:2
LH:2
BRF:0
BRH:0
end_of_record
TN:
SF:\Documents\Projects\Work\Netgrif\Application-Engine\NAE-frontend\projects\netgrif-components\src\lib\side-menu\content-components\new-case\new-case.component.ts
FN:28,NewCaseComponent
FN:38,(anonymous_2)
FN:43,(anonymous_3)
FNF:3
FNH:1
FNDA:1,NewCaseComponent
FNDA:0,(anonymous_2)
FNDA:0,(anonymous_3)
DA:23,1
DA:28,1
DA:29,1
DA:30,1
DA:31,1
DA:32,1
DA:33,1
DA:34,1
DA:35,1
DA:38,1
DA:39,0
DA:40,0
DA:43,1
DA:44,0
DA:45,0
DA:46,0
DA:49,1
LF:17
LH:12
BRDA:34,0,0,1
BRDA:34,0,1,1
BRDA:39,1,0,0
BRDA:39,1,1,0
BRDA:39,2,0,0
BRDA:39,2,1,0
BRDA:39,2,2,0
BRDA:44,3,0,0
BRDA:44,3,1,0
BRDA:45,4,0,0
BRDA:45,4,1,0
BRF:11
BRH:2
end_of_record
TN:
SF:\Documents\Projects\Work\Netgrif\Application-Engine\NAE-frontend\projects\netgrif-components\src\lib\side-menu\content-components\new-case\side-menu-new-case-component.module.ts
FNF:0
FNH:0
DA:30,1
DA:31,1
LF:2
LH:2
BRF:0
BRH:0
end_of_record
TN:
SF:\Documents\Projects\Work\Netgrif\Application-Engine\NAE-frontend\projects\netgrif-components\src\lib\side-menu\content-components\option-selector\option-selector.component.ts
FN:11,OptionSelectorComponent
FNF:1
FNH:1
FNDA:1,OptionSelectorComponent
DA:9,1
DA:11,1
DA:12,1
DA:14,1
LF:4
LH:4
BRDA:12,0,0,1
BRDA:12,0,1,1
BRF:2
BRH:2
end_of_record
TN:
SF:\Documents\Projects\Work\Netgrif\Application-Engine\NAE-frontend\projects\netgrif-components\src\lib\side-menu\content-components\option-selector\side-menu-option-selector-component.module.ts
FNF:0
FNH:0
DA:26,1
DA:27,1
LF:2
LH:2
BRF:0
BRH:0
end_of_record
TN:
SF:\Documents\Projects\Work\Netgrif\Application-Engine\NAE-frontend\projects\netgrif-components\src\lib\side-menu\content-components\save-filter\save-filter.component.ts
FN:19,baseFilterFactory
FN:33,localAllowedNetsFactory
FN:55,SaveFilterComponent
FNF:3
FNH:2
FNDA:1,baseFilterFactory
FNDA:0,localAllowedNetsFactory
FNDA:1,SaveFilterComponent
DA:20,1
DA:21,0
DA:23,1
DA:25,1
DA:34,0
DA:53,1
DA:59,1
DA:62,1
LF:8
LH:6
BRDA:20,0,0,0
BRDA:20,0,1,1
BRDA:59,1,0,1
BRDA:59,1,1,0
BRF:4
BRH:2
end_of_record
TN:
SF:\Documents\Projects\Work\Netgrif\Application-Engine\NAE-frontend\projects\netgrif-components\src\lib\side-menu\content-components\save-filter\side-menu-save-filter-component.module.ts
FNF:0
FNH:0
DA:22,1
DA:23,1
LF:2
LH:2
BRF:0
BRH:0
end_of_record
TN:
SF:\Documents\Projects\Work\Netgrif\Application-Engine\NAE-frontend\projects\netgrif-components\src\lib\side-menu\content-components\user-assign\side-menu-user-assign-component.module.ts
FNF:0
FNH:0
DA:32,1
DA:33,1
LF:2
LH:2
BRF:0
BRH:0
end_of_record
TN:
SF:\Documents\Projects\Work\Netgrif\Application-Engine\NAE-frontend\projects\netgrif-components\src\lib\side-menu\content-components\user-assign\user-assign.component.ts
FN:17,UserAssignComponent
FNF:1
FNH:1
FNDA:1,UserAssignComponent
DA:16,1
DA:17,1
DA:18,1
DA:20,1
LF:4
LH:4
BRDA:18,0,0,1
BRDA:18,0,1,1
BRF:2
BRH:2
end_of_record
TN:
SF:\Documents\Projects\Work\Netgrif\Application-Engine\NAE-frontend\projects\netgrif-components\src\lib\side-menu\content-components\user-assign\user-assign-list\user-assign-list.component.ts
FN:14,UserAssignListComponent
FNF:1
FNH:1
FNDA:2,UserAssignListComponent
DA:12,1
DA:14,2
DA:15,2
DA:17,1
LF:4
LH:4
BRDA:15,0,0,2
BRDA:15,0,1,2
BRF:2
BRH:2
end_of_record
TN:
SF:\Documents\Projects\Work\Netgrif\Application-Engine\NAE-frontend\projects\netgrif-components\src\lib\side-menu\content-components\user-assign\user-assign-list\user-assign-item\user-assign-item.component.ts
FN:14,UserAssignItemComponent
FNF:1
FNH:1
FNDA:1,UserAssignItemComponent
DA:12,1
DA:15,1
DA:17,1
LF:3
LH:3
BRDA:15,0,0,1
BRDA:15,0,1,1
BRF:2
BRH:2
end_of_record
TN:
SF:\Documents\Projects\Work\Netgrif\Application-Engine\NAE-frontend\projects\netgrif-components\src\lib\side-menu\side-menu-container\side-menu-container.component.ts
FN:11,SideMenuContainerComponent
FNF:1
FNH:1
FNDA:2,SideMenuContainerComponent
DA:9,1
DA:11,2
DA:12,2
DA:14,1
LF:4
LH:4
BRDA:12,0,0,2
BRDA:12,0,1,2
BRF:2
BRH:2
end_of_record
TN:
SF:\Documents\Projects\Work\Netgrif\Application-Engine\NAE-frontend\projects\netgrif-components\src\lib\tabs\tab-creation-detector\tab-creation-detector.component.ts
FN:16,TabCreationDetectorComponent
FNF:1
FNH:1
FNDA:2,TabCreationDetectorComponent
DA:15,1
DA:17,2
DA:19,1
LF:3
LH:3
BRDA:17,0,0,2
BRDA:17,0,1,2
BRF:2
BRH:2
end_of_record
TN:
SF:\Documents\Projects\Work\Netgrif\Application-Engine\NAE-frontend\projects\netgrif-components\src\lib\tabs\tab-view\tab-view.component.ts
FN:16,TabViewComponent
FNF:1
FNH:1
FNDA:1,TabViewComponent
DA:14,1
DA:16,1
DA:17,1
DA:19,1
LF:4
LH:4
BRDA:17,0,0,1
BRDA:17,0,1,1
BRF:2
BRH:2
end_of_record
TN:
SF:\Documents\Projects\Work\Netgrif\Application-Engine\NAE-frontend\projects\netgrif-components\src\lib\task-content\task-content.module.ts
FNF:0
FNH:0
DA:30,1
DA:31,1
LF:2
LH:2
BRF:0
BRH:0
end_of_record
TN:
SF:\Documents\Projects\Work\Netgrif\Application-Engine\NAE-frontend\projects\netgrif-components\src\lib\task-content\field-component-resolver\field-component-resolver.component.ts
FN:11,FieldComponentResolverComponent
FNF:1
FNH:1
FNDA:1,FieldComponentResolverComponent
DA:9,1
DA:12,1
DA:14,1
LF:3
LH:3
BRDA:12,0,0,1
BRDA:12,0,1,1
BRF:2
BRH:2
end_of_record
TN:
SF:\Documents\Projects\Work\Netgrif\Application-Engine\NAE-frontend\projects\netgrif-components\src\lib\task-content\task-content\task-content.component.ts
FN:19,TaskContentComponent
FNF:1
FNH:1
FNDA:2,TaskContentComponent
DA:17,1
DA:19,2
DA:20,2
DA:21,2
DA:22,2
DA:23,2
DA:25,2
DA:27,1
LF:8
LH:8
BRDA:25,0,0,2
BRDA:25,0,1,2
BRF:2
BRH:2
end_of_record
TN:
SF:\Documents\Projects\Work\Netgrif\Application-Engine\NAE-frontend\projects\netgrif-components\src\lib\toolbar\toolbar.component.ts
FN:12,ToolbarComponent
FNF:1
FNH:1
FNDA:1,ToolbarComponent
DA:10,1
DA:12,1
DA:13,1
DA:15,1
LF:4
LH:4
BRDA:13,0,0,1
BRDA:13,0,1,1
BRF:2
BRH:2
end_of_record
TN:
SF:\Documents\Projects\Work\Netgrif\Application-Engine\NAE-frontend\projects\netgrif-components\src\lib\user\user.module.ts
FNF:0
FNH:0
DA:20,1
DA:21,1
LF:2
LH:2
BRF:0
BRH:0
end_of_record
TN:
SF:\Documents\Projects\Work\Netgrif\Application-Engine\NAE-frontend\projects\netgrif-components\src\lib\user\profile\profile.component.ts
FN:10,ProfileComponent
FNF:1
FNH:1
FNDA:1,ProfileComponent
DA:9,1
DA:10,1
DA:11,1
DA:13,1
LF:4
LH:4
BRDA:11,0,0,1
BRDA:11,0,1,1
BRF:2
BRH:2
end_of_record
TN:
SF:\Documents\Projects\Work\Netgrif\Application-Engine\NAE-frontend\projects\netgrif-components\src\lib\user\user-card\user-card.component.ts
FN:11,UserCardComponent
FNF:1
FNH:1
FNDA:1,UserCardComponent
DA:9,1
DA:11,1
DA:12,1
DA:14,1
LF:4
LH:4
BRDA:12,0,0,1
BRDA:12,0,1,0
BRF:2
BRH:1
end_of_record
TN:
SF:\Documents\Projects\Work\Netgrif\Application-Engine\NAE-frontend\projects\netgrif-components\src\lib\view\case-view\case-view.module.ts
FNF:0
FNH:0
DA:20,1
DA:21,1
LF:2
LH:2
BRF:0
BRH:0
end_of_record
TN:
SF:\Documents\Projects\Work\Netgrif\Application-Engine\NAE-frontend\projects\netgrif-components\src\lib\view\case-view\components\case-list\case-list.component.ts
FN:11,CaseListComponent
FNF:1
FNH:1
FNDA:1,CaseListComponent
DA:9,1
DA:11,1
DA:12,1
DA:14,1
DA:16,1
LF:5
LH:5
BRDA:14,0,0,1
BRDA:14,0,1,0
BRF:2
BRH:1
end_of_record
TN:
SF:\Documents\Projects\Work\Netgrif\Application-Engine\NAE-frontend\projects\netgrif-components\src\lib\view\tree-case-view\tree-case-view.module.ts
FNF:0
FNH:0
DA:36,1
DA:37,1
LF:2
LH:2
BRF:0
BRH:0
end_of_record
TN:
SF:\Documents\Projects\Work\Netgrif\Application-Engine\NAE-frontend\projects\netgrif-components\src\lib\view\tree-case-view\tree-component\tree.component.ts
FN:11,TreeComponent
FNF:1
FNH:1
FNDA:1,TreeComponent
DA:10,1
DA:11,1
DA:12,1
DA:14,1
LF:4
LH:4
BRDA:12,0,0,1
BRDA:12,0,1,1
BRF:2
BRH:2
end_of_record
TN:
SF:\Documents\Projects\Work\Netgrif\Application-Engine\NAE-frontend\projects\netgrif-components\src\lib\view\tree-case-view\tree-component\add-child-node\add-child-node.component.ts
FN:10,AddChildNodeComponent
FNF:1
FNH:1
FNDA:1,AddChildNodeComponent
DA:9,1
DA:10,1
DA:11,1
DA:13,1
LF:4
LH:4
BRDA:11,0,0,1
BRDA:11,0,1,1
BRF:2
BRH:2
end_of_record
TN:
SF:\Documents\Projects\Work\Netgrif\Application-Engine\NAE-frontend\projects\netgrif-components\src\lib\view\tree-case-view\tree-component\remove-node\remove-node.component.ts
FN:10,RemoveNodeComponent
FNF:1
FNH:1
FNDA:1,RemoveNodeComponent
DA:9,1
DA:10,1
DA:11,1
DA:13,1
LF:4
LH:4
BRDA:11,0,0,1
BRDA:11,0,1,1
BRF:2
BRH:2
end_of_record
TN:
SF:\Documents\Projects\Work\Netgrif\Application-Engine\NAE-frontend\projects\netgrif-components\src\lib\view\tree-case-view\tree-task-content\tree-task-content.component.ts
FN:43,TreeTaskContentComponent
FNF:1
FNH:1
FNDA:1,TreeTaskContentComponent
DA:41,1
DA:43,1
DA:44,1
DA:45,1
DA:46,1
DA:47,1
DA:48,1
DA:49,1
DA:51,1
LF:9
LH:9
BRDA:49,0,0,1
BRDA:49,0,1,1
BRF:2
BRH:2
end_of_record
TN:
SF:\Documents\Projects\Work\Netgrif\Application-Engine\NAE-frontend\projects\netgrif-components\src\lib\view\workflow-view\workflow-view.component.ts
FN:19,WorkflowViewComponent
FN:26,(anonymous_2)
FNF:2
FNH:1
FNDA:1,WorkflowViewComponent
FNDA:0,(anonymous_2)
DA:18,1
DA:19,1
DA:20,1
DA:21,1
DA:22,1
DA:23,1
DA:26,1
DA:27,0
DA:29,1
LF:9
LH:8
BRDA:23,0,0,1
BRDA:23,0,1,0
BRF:2
BRH:1
end_of_record
